<?xml version="1.0" encoding="UTF-8"?>
<coverage generated="1587815186165" clover="3.2.0">
  <project timestamp="1587815186165" name="All files">
    <metrics statements="35" coveredstatements="30" conditionals="7" coveredconditionals="6" methods="11" coveredmethods="8" elements="53" coveredelements="44" complexity="0" loc="35" ncloc="35" packages="4" files="5" classes="5"/>
    <package name="test">
      <metrics statements="8" coveredstatements="8" conditionals="0" coveredconditionals="0" methods="2" coveredmethods="1"/>
      <file name="index.js" path="/mnt/c/Users/fedem/fedecode/projects/totalcloud/totaldeploy-store/lambdas/test/index.js">
        <metrics statements="8" coveredstatements="8" conditionals="0" coveredconditionals="0" methods="2" coveredmethods="1"/>
        <line num="1" count="3" type="stmt"/>
        <line num="2" count="3" type="stmt"/>
        <line num="3" count="3" type="stmt"/>
        <line num="11" count="3" type="stmt"/>
        <line num="21" count="2" type="stmt"/>
        <line num="24" count="2" type="stmt"/>
        <line num="29" count="3" type="stmt"/>
        <line num="36" count="3" type="stmt"/>
      </file>
    </package>
    <package name="test.config">
      <metrics statements="8" coveredstatements="5" conditionals="2" coveredconditionals="1" methods="1" coveredmethods="1"/>
      <file name="index.js" path="/mnt/c/Users/fedem/fedecode/projects/totalcloud/totaldeploy-store/lambdas/test/config/index.js">
        <metrics statements="8" coveredstatements="5" conditionals="2" coveredconditionals="1" methods="1" coveredmethods="1"/>
        <line num="2" count="4" type="stmt"/>
        <line num="5" count="4" type="stmt"/>
        <line num="10" count="4" type="cond" truecount="1" falsecount="1"/>
        <line num="11" count="0" type="stmt"/>
        <line num="15" count="0" type="stmt"/>
        <line num="16" count="0" type="stmt"/>
        <line num="19" count="4" type="stmt"/>
        <line num="26" count="8" type="stmt"/>
      </file>
    </package>
    <package name="test.middlewares">
      <metrics statements="18" coveredstatements="16" conditionals="4" coveredconditionals="4" methods="7" coveredmethods="5"/>
      <file name="config-setup.js" path="/mnt/c/Users/fedem/fedecode/projects/totalcloud/totaldeploy-store/lambdas/test/middlewares/config-setup.js">
        <metrics statements="5" coveredstatements="4" conditionals="0" coveredconditionals="0" methods="3" coveredmethods="2"/>
        <line num="1" count="3" type="stmt"/>
        <line num="5" count="7" type="stmt"/>
        <line num="7" count="3" type="stmt"/>
        <line num="8" count="3" type="stmt"/>
        <line num="13" count="0" type="stmt"/>
      </file>
      <file name="validate-schema.js" path="/mnt/c/Users/fedem/fedecode/projects/totalcloud/totaldeploy-store/lambdas/test/middlewares/validate-schema.js">
        <metrics statements="13" coveredstatements="12" conditionals="4" coveredconditionals="4" methods="4" coveredmethods="3"/>
        <line num="1" count="3" type="stmt"/>
        <line num="3" count="9" type="stmt"/>
        <line num="8" count="3" type="stmt"/>
        <line num="16" count="3" type="stmt"/>
        <line num="18" count="3" type="cond" truecount="2" falsecount="0"/>
        <line num="20" count="2" type="stmt"/>
        <line num="22" count="1" type="stmt"/>
        <line num="27" count="4" type="stmt"/>
        <line num="41" count="4" type="stmt"/>
        <line num="43" count="4" type="cond" truecount="2" falsecount="0"/>
        <line num="44" count="1" type="stmt"/>
        <line num="46" count="3" type="stmt"/>
        <line num="54" count="0" type="stmt"/>
      </file>
    </package>
    <package name="test.util">
      <metrics statements="1" coveredstatements="1" conditionals="1" coveredconditionals="1" methods="1" coveredmethods="1"/>
      <file name="common.js" path="/mnt/c/Users/fedem/fedecode/projects/totalcloud/totaldeploy-store/lambdas/test/util/common.js">
        <metrics statements="1" coveredstatements="1" conditionals="1" coveredconditionals="1" methods="1" coveredmethods="1"/>
        <line num="1" count="7" type="cond" truecount="1" falsecount="0"/>
      </file>
    </package>
  </project>
</coverage>
