{"/mnt/c/Users/fedem/fedecode/projects/totalcloud/totaldeploy-store/lambdas/test/index.js": {"path":"/mnt/c/Users/fedem/fedecode/projects/totalcloud/totaldeploy-store/lambdas/test/index.js","statementMap":{"0":{"start":{"line":1,"column":14},"end":{"line":1,"column":30}},"1":{"start":{"line":2,"column":27},"end":{"line":2,"column":67}},"2":{"start":{"line":3,"column":19},"end":{"line":3,"column":56}},"3":{"start":{"line":11,"column":16},"end":{"line":25,"column":2}},"4":{"start":{"line":21,"column":2},"end":{"line":21,"column":108}},"5":{"start":{"line":24,"column":2},"end":{"line":24,"column":26}},"6":{"start":{"line":29,"column":0},"end":{"line":29,"column":44}},"7":{"start":{"line":36,"column":0},"end":{"line":36,"column":29}}},"fnMap":{"0":{"name":"(anonymous_0)","decl":{"start":{"line":11,"column":22},"end":{"line":11,"column":23}},"loc":{"start":{"line":11,"column":48},"end":{"line":25,"column":1}},"line":11},"1":{"name":"callSomeController","decl":{"start":{"line":15,"column":11},"end":{"line":15,"column":29}},"loc":{"start":{"line":15,"column":32},"end":{"line":17,"column":3}},"line":15}},"branchMap":{},"s":{"0":3,"1":3,"2":3,"3":3,"4":2,"5":2,"6":3,"7":3},"f":{"0":2,"1":0},"b":{},"_coverageSchema":"1a1c01bbd47fc00a2c39e90264f33305004495a9","hash":"c07784336a7fc3dce43778639833328e95b83e34"}
,"/mnt/c/Users/fedem/fedecode/projects/totalcloud/totaldeploy-store/lambdas/test/config/index.js": {"path":"/mnt/c/Users/fedem/fedecode/projects/totalcloud/totaldeploy-store/lambdas/test/config/index.js","statementMap":{"0":{"start":{"line":2,"column":12},"end":{"line":2,"column":30}},"1":{"start":{"line":5,"column":21},"end":{"line":5,"column":46}},"2":{"start":{"line":10,"column":0},"end":{"line":17,"column":1}},"3":{"start":{"line":11,"column":4},"end":{"line":11,"column":31}},"4":{"start":{"line":15,"column":22},"end":{"line":15,"column":85}},"5":{"start":{"line":16,"column":2},"end":{"line":16,"column":58}},"6":{"start":{"line":19,"column":12},"end":{"line":19,"column":25}},"7":{"start":{"line":26,"column":0},"end":{"line":38,"column":3}},"8":{"start":{"line":26,"column":36},"end":{"line":38,"column":2}}},"fnMap":{"0":{"name":"(anonymous_0)","decl":{"start":{"line":26,"column":24},"end":{"line":26,"column":25}},"loc":{"start":{"line":26,"column":36},"end":{"line":38,"column":2}},"line":26}},"branchMap":{"0":{"loc":{"start":{"line":10,"column":0},"end":{"line":17,"column":1}},"type":"if","locations":[{"start":{"line":10,"column":0},"end":{"line":17,"column":1}},{"start":{"line":10,"column":0},"end":{"line":17,"column":1}}],"line":10}},"s":{"0":4,"1":4,"2":4,"3":0,"4":0,"5":0,"6":4,"7":4,"8":8},"f":{"0":8},"b":{"0":[0,4]},"_coverageSchema":"1a1c01bbd47fc00a2c39e90264f33305004495a9","hash":"909212f8c9288da6c0032523c94f6d060dcb7294"}
,"/mnt/c/Users/fedem/fedecode/projects/totalcloud/totaldeploy-store/lambdas/test/middlewares/config-setup.js": {"path":"/mnt/c/Users/fedem/fedecode/projects/totalcloud/totaldeploy-store/lambdas/test/middlewares/config-setup.js","statementMap":{"0":{"start":{"line":1,"column":19},"end":{"line":1,"column":39}},"1":{"start":{"line":5,"column":0},"end":{"line":18,"column":3}},"2":{"start":{"line":5,"column":31},"end":{"line":18,"column":1}},"3":{"start":{"line":7,"column":4},"end":{"line":7,"column":36}},"4":{"start":{"line":8,"column":4},"end":{"line":8,"column":18}},"5":{"start":{"line":13,"column":4},"end":{"line":13,"column":18}}},"fnMap":{"0":{"name":"(anonymous_0)","decl":{"start":{"line":5,"column":24},"end":{"line":5,"column":25}},"loc":{"start":{"line":5,"column":31},"end":{"line":18,"column":1}},"line":5},"1":{"name":"(anonymous_1)","decl":{"start":{"line":6,"column":10},"end":{"line":6,"column":11}},"loc":{"start":{"line":6,"column":35},"end":{"line":9,"column":3}},"line":6},"2":{"name":"(anonymous_2)","decl":{"start":{"line":10,"column":11},"end":{"line":10,"column":12}},"loc":{"start":{"line":10,"column":29},"end":{"line":16,"column":3}},"line":10}},"branchMap":{},"s":{"0":3,"1":3,"2":7,"3":3,"4":3,"5":0},"f":{"0":7,"1":3,"2":0},"b":{},"_coverageSchema":"1a1c01bbd47fc00a2c39e90264f33305004495a9","hash":"5e6311145ee9b1d938ab8560f82e2e0baf108d9f"}
,"/mnt/c/Users/fedem/fedecode/projects/totalcloud/totaldeploy-store/lambdas/test/middlewares/validate-schema.js": {"path":"/mnt/c/Users/fedem/fedecode/projects/totalcloud/totaldeploy-store/lambdas/test/middlewares/validate-schema.js","statementMap":{"0":{"start":{"line":1,"column":12},"end":{"line":1,"column":32}},"1":{"start":{"line":3,"column":0},"end":{"line":57,"column":3}},"2":{"start":{"line":3,"column":39},"end":{"line":57,"column":1}},"3":{"start":{"line":8,"column":19},"end":{"line":14,"column":6}},"4":{"start":{"line":16,"column":22},"end":{"line":16,"column":52}},"5":{"start":{"line":18,"column":4},"end":{"line":21,"column":5}},"6":{"start":{"line":20,"column":6},"end":{"line":20,"column":95}},"7":{"start":{"line":22,"column":4},"end":{"line":22,"column":18}},"8":{"start":{"line":27,"column":19},"end":{"line":39,"column":6}},"9":{"start":{"line":41,"column":22},"end":{"line":41,"column":55}},"10":{"start":{"line":43,"column":4},"end":{"line":45,"column":5}},"11":{"start":{"line":44,"column":6},"end":{"line":44,"column":95}},"12":{"start":{"line":46,"column":4},"end":{"line":46,"column":18}},"13":{"start":{"line":54,"column":4},"end":{"line":54,"column":18}}},"fnMap":{"0":{"name":"(anonymous_0)","decl":{"start":{"line":3,"column":32},"end":{"line":3,"column":33}},"loc":{"start":{"line":3,"column":39},"end":{"line":57,"column":1}},"line":3},"1":{"name":"(anonymous_1)","decl":{"start":{"line":6,"column":10},"end":{"line":6,"column":11}},"loc":{"start":{"line":6,"column":29},"end":{"line":23,"column":3}},"line":6},"2":{"name":"(anonymous_2)","decl":{"start":{"line":25,"column":9},"end":{"line":25,"column":10}},"loc":{"start":{"line":25,"column":28},"end":{"line":47,"column":3}},"line":25},"3":{"name":"(anonymous_3)","decl":{"start":{"line":51,"column":11},"end":{"line":51,"column":12}},"loc":{"start":{"line":51,"column":29},"end":{"line":55,"column":3}},"line":51}},"branchMap":{"0":{"loc":{"start":{"line":18,"column":4},"end":{"line":21,"column":5}},"type":"if","locations":[{"start":{"line":18,"column":4},"end":{"line":21,"column":5}},{"start":{"line":18,"column":4},"end":{"line":21,"column":5}}],"line":18},"1":{"loc":{"start":{"line":43,"column":4},"end":{"line":45,"column":5}},"type":"if","locations":[{"start":{"line":43,"column":4},"end":{"line":45,"column":5}},{"start":{"line":43,"column":4},"end":{"line":45,"column":5}}],"line":43}},"s":{"0":3,"1":3,"2":9,"3":3,"4":3,"5":3,"6":2,"7":1,"8":4,"9":4,"10":4,"11":1,"12":3,"13":0},"f":{"0":9,"1":3,"2":4,"3":0},"b":{"0":[2,1],"1":[1,3]},"_coverageSchema":"1a1c01bbd47fc00a2c39e90264f33305004495a9","hash":"54e0f892e3030008f8de7325be85eb561043c94e"}
,"/mnt/c/Users/fedem/fedecode/projects/totalcloud/totaldeploy-store/lambdas/test/util/common.js": {"path":"/mnt/c/Users/fedem/fedecode/projects/totalcloud/totaldeploy-store/lambdas/test/util/common.js","statementMap":{"0":{"start":{"line":1,"column":0},"end":{"line":6,"column":3}},"1":{"start":{"line":1,"column":73},"end":{"line":6,"column":1}}},"fnMap":{"0":{"name":"(anonymous_0)","decl":{"start":{"line":1,"column":26},"end":{"line":1,"column":27}},"loc":{"start":{"line":1,"column":73},"end":{"line":6,"column":1}},"line":1}},"branchMap":{"0":{"loc":{"start":{"line":1,"column":56},"end":{"line":1,"column":67}},"type":"default-arg","locations":[{"start":{"line":1,"column":63},"end":{"line":1,"column":67}}],"line":1}},"s":{"0":5,"1":7},"f":{"0":7},"b":{"0":[7]},"_coverageSchema":"1a1c01bbd47fc00a2c39e90264f33305004495a9","hash":"af85415352cf6e6994c5c0a9352e798a038f6f33"}
}
