TN:
SF:index.js
FN:11,(anonymous_0)
FN:15,callSomeController
FNF:2
FNH:1
FNDA:2,(anonymous_0)
FNDA:0,callSomeController
DA:1,3
DA:2,3
DA:3,3
DA:11,3
DA:21,2
DA:24,2
DA:29,3
DA:36,3
LF:8
LH:8
BRF:0
BRH:0
end_of_record
TN:
SF:config/index.js
FN:26,(anonymous_0)
FNF:1
FNH:1
FNDA:8,(anonymous_0)
DA:2,4
DA:5,4
DA:10,4
DA:11,0
DA:15,0
DA:16,0
DA:19,4
DA:26,8
LF:8
LH:5
BRDA:10,0,0,0
BRDA:10,0,1,4
BRF:2
BRH:1
end_of_record
TN:
SF:middlewares/config-setup.js
FN:5,(anonymous_0)
FN:6,(anonymous_1)
FN:10,(anonymous_2)
FNF:3
FNH:2
FNDA:7,(anonymous_0)
FNDA:3,(anonymous_1)
FNDA:0,(anonymous_2)
DA:1,3
DA:5,7
DA:7,3
DA:8,3
DA:13,0
LF:5
LH:4
BRF:0
BRH:0
end_of_record
TN:
SF:middlewares/validate-schema.js
FN:3,(anonymous_0)
FN:6,(anonymous_1)
FN:25,(anonymous_2)
FN:51,(anonymous_3)
FNF:4
FNH:3
FNDA:9,(anonymous_0)
FNDA:3,(anonymous_1)
FNDA:4,(anonymous_2)
FNDA:0,(anonymous_3)
DA:1,3
DA:3,9
DA:8,3
DA:16,3
DA:18,3
DA:20,2
DA:22,1
DA:27,4
DA:41,4
DA:43,4
DA:44,1
DA:46,3
DA:54,0
LF:13
LH:12
BRDA:18,0,0,2
BRDA:18,0,1,1
BRDA:43,1,0,1
BRDA:43,1,1,3
BRF:4
BRH:4
end_of_record
TN:
SF:util/common.js
FN:1,(anonymous_0)
FNF:1
FNH:1
FNDA:7,(anonymous_0)
DA:1,7
LF:1
LH:1
BRDA:1,0,0,7
BRF:1
BRH:1
end_of_record
